2026-02-14 15:08:52,770 - [INFO] - ===============================================================================================
2026-02-14 15:08:52,773 - [INFO] -                Logs de traitement (nettoyage) - script: 02_nettoyage_spark.py
2026-02-14 15:08:52,776 - [INFO] -                          Etape 1.2 - Pipeline de nettoyage Spark
2026-02-14 15:08:52,779 - [INFO] - ===============================================================================================
2026-02-14 15:08:54,791 - [INFO] - Ressources actuellement disponibles sur la machine :
2026-02-14 15:08:56,799 - [INFO] - RAM actuellement disponible sur la machine (free) : 13.33 GB
2026-02-14 15:08:56,803 - [INFO] - CPU actuellement disponible sur la machine (free) : 99.9%
2026-02-14 15:08:56,807 - [INFO] -         Approx logical cores  (free) : 15.98
2026-02-14 15:08:56,812 - [INFO] -         Approx physical cores (free) : 7.99
2026-02-14 15:08:56,816 - [INFO] - ───────────────────────────────────────────────────────────────────────────────────────────────
2026-02-14 15:08:56,819 - [INFO] - Creation d'une session Spark ...
2026-02-14 15:08:58,447 - [INFO] - Spark version  : 3.5.3
2026-02-14 15:08:58,454 - [INFO] - Spark UI       : http://spark-master:4040
2026-02-14 15:08:58,459 - [INFO] - Python version : 3.8.10
2026-02-14 15:08:58,463 - [INFO] - Python path    : /usr/bin/python3
2026-02-14 15:08:58,471 - [INFO] - Java version   : 11.0.24
2026-02-14 15:08:58,478 - [INFO] - Java home      : /opt/java/openjdk
2026-02-14 15:08:58,482 - [INFO] - [ok]: creation de la session Spark avec succès
2026-02-14 15:08:58,487 - [INFO] - ───────────────────────────────────────────────────────────────────────────────────────────────
2026-02-14 15:08:58,492 - [INFO] - Enregistrement des udf parse_timestamp_udf & clean_consommation_udf
2026-02-14 15:08:59,784 - [INFO] - ───────────────────────────────────────────────────────────────────────────────────────────────
2026-02-14 15:08:59,790 - [INFO] - [1/5] Chargement des donnees brutes ...
2026-02-14 15:08:59,797 - [INFO] - Creation de df_consommation_raw (à partir consommations_raw.csv)
2026-02-14 15:09:07,948 - [INFO] -     - Lignes en entree : 999
2026-02-14 15:09:07,971 - [INFO] -     - Nombre de colonnes : 5
2026-02-14 15:09:07,976 - [INFO] -     - Schema :
2026-02-14 15:09:07,983 - [INFO] - 
root
 |-- batiment_id: string (nullable = true)
 |-- timestamp: string (nullable = true)
 |-- type_energie: string (nullable = true)
 |-- consommation: string (nullable = true)
 |-- unite: string (nullable = true)

2026-02-14 15:09:08,222 - [INFO] - ---
2026-02-14 15:09:08,228 - [INFO] - Creation de df_batiments (à partir batiments.csv)
2026-02-14 15:09:09,351 - [INFO] - ───────────────────────────────────────────────────────────────────────────────────────────────
2026-02-14 15:09:09,355 - [INFO] - [2/5] Nettoyage ...
2026-02-14 15:09:09,358 - [INFO] - Nettoyage à partir de la colonne timestamps
2026-02-14 15:09:09,362 - [INFO] - Conversion timestamp(string) => nouvelle colonne timestamp_parsed (TimestampType) => parse_timestamp_udf
2026-02-14 15:09:09,405 - [INFO] - Suppression des lignes où timestamp_parsed est NULL
2026-02-14 15:09:10,295 - [INFO] - Timestamps invalides supprimes: 0
2026-02-14 15:09:10,300 - [INFO] - ---
2026-02-14 15:09:10,304 - [INFO] - Nettoyage à partir de la colonne consommation
2026-02-14 15:09:10,309 - [INFO] - Conversion consommation (string) => nouvelle colonne consommation_clean (DoubleType) => clean_consommation_udf
2026-02-14 15:09:10,333 - [INFO] - Suppression des valeurs négatives (consommation_clean < 0) & nulles (consommation_clean = NULL)
2026-02-14 15:09:10,112 - [INFO] - Nombre des valeurs negatives supprimees : 1
2026-02-14 15:09:10,118 - [INFO] - Nombre des valeurs nulles supprimees : 4
2026-02-14 15:09:10,122 - [INFO] - Suppression des outliers (consommation_clean > 10000)
2026-02-14 15:09:11,050 - [INFO] - Nombre des outliers (>10000) supprimes : 4
2026-02-14 15:09:11,054 - [INFO] - ---
2026-02-14 15:09:11,057 - [INFO] - Nettoyage des doublons (Deduplication sur (batiment_id, timestamp, type_energie))
2026-02-14 15:09:12,138 - [INFO] - Nombre de doublons supprimes : 0
2026-02-14 15:09:12,142 - [INFO] - ---
2026-02-14 15:09:12,148 - [INFO] - Description de df_clean après nettoyage
2026-02-14 15:09:12,674 - [INFO] -     - Nombre de lignes : 990
2026-02-14 15:09:12,679 - [INFO] -     - Nombre de colonnes : 7
2026-02-14 15:09:12,683 - [INFO] -     - Schema :
2026-02-14 15:09:12,688 - [INFO] - 
root
 |-- batiment_id: string (nullable = true)
 |-- timestamp: string (nullable = true)
 |-- type_energie: string (nullable = true)
 |-- consommation: string (nullable = true)
 |-- unite: string (nullable = true)
 |-- timestamp_parsed: timestamp (nullable = true)
 |-- consommation_clean: double (nullable = true)

2026-02-14 15:09:13,433 - [INFO] -     - Appercu des données (df_clean):
+----+---------------+---------------------+----------------+----------------+---------+---------------------+----------------------+
|    | batiment_id   | timestamp           | type_energie   | consommation   | unite   | timestamp_parsed    |   consommation_clean |
+====+===============+=====================+================+================+=========+=====================+======================+
|  0 | BAT0001       | 06/12/2023 02:00    | eau            | 0.91           | m3      | 2023-12-06 02:00:00 |                 0.91 |
+----+---------------+---------------------+----------------+----------------+---------+---------------------+----------------------+
|  1 | BAT0001       | 2023-12-27T18:00:00 | electricite    | 365.97         | kWh     | 2023-12-27 18:00:00 |               365.97 |
+----+---------------+---------------------+----------------+----------------+---------+---------------------+----------------------+
|  2 | BAT0001       | 06/14/2024 21:00:00 | electricite    | 146.50         | kWh     | 2024-06-14 21:00:00 |               146.5  |
+----+---------------+---------------------+----------------+----------------+---------+---------------------+----------------------+
|  3 | BAT0001       | 09/11/2024 19:00:00 | electricite    | 206,03         | kWh     | 2024-11-09 19:00:00 |               206.03 |
+----+---------------+---------------------+----------------+----------------+---------+---------------------+----------------------+
|  4 | BAT0001       | 2024-12-25T07:00:00 | electricite    | 342.12         | kWh     | 2024-12-25 07:00:00 |               342.12 |
+----+---------------+---------------------+----------------+----------------+---------+---------------------+----------------------+
|  5 | BAT0001       | 26/12/2024 10:00    | gaz            | 472.87         | kWh     | 2024-12-26 10:00:00 |               472.87 |
+----+---------------+---------------------+----------------+----------------+---------+---------------------+----------------------+
|  6 | BAT0002       | 2023-06-01 12:00:00 | gaz            | 104.50         | kWh     | 2023-06-01 12:00:00 |               104.5  |
+----+---------------+---------------------+----------------+----------------+---------+---------------------+----------------------+
|  7 | BAT0002       | 2023-07-29T07:00:00 | eau            | 0.92           | m3      | 2023-07-29 07:00:00 |                 0.92 |
+----+---------------+---------------------+----------------+----------------+---------+---------------------+----------------------+
|  8 | BAT0002       | 14/08/2023 21:00    | electricite    | 62.97          | kWh     | 2023-08-14 21:00:00 |                62.97 |
+----+---------------+---------------------+----------------+----------------+---------+---------------------+----------------------+
|  9 | BAT0002       | 2023-09-06 15:00:00 | electricite    | 106.32         | kWh     | 2023-09-06 15:00:00 |               106.32 |
+----+---------------+---------------------+----------------+----------------+---------+---------------------+----------------------+
2026-02-14 15:09:13,439 - [INFO] - ---
2026-02-14 15:09:13,444 - [INFO] - Global checks de la df_clean après nettoyage :
2026-02-14 15:09:13,449 - [INFO] - 
2026-02-14 15:09:13,455 - [INFO] - check de la colonne timestamp_parsed :
2026-02-14 15:09:13,747 - [INFO] - [ok]: Après nettoyage, df_clean ne contient plus des lignes avec timestamp_parsed nulles : 0
2026-02-14 15:09:13,752 - [INFO] - 
2026-02-14 15:09:13,757 - [INFO] - check de la colonne consommation_clean :
2026-02-14 15:09:14,195 - [INFO] - [ok]: Après nettoyage, df_clean ne contient plus des lignes avec consommation_clean nulles : 0
2026-02-14 15:09:14,543 - [INFO] - [ok]: Après nettoyage, df_clean ne contient plus des lignes avec consommation_clean < 0 : 0
2026-02-14 15:09:14,904 - [INFO] - [ok]: Après nettoyage, df_clean ne contient plus des lignes avec consommation_clean > 10000 (outliers) : 0
2026-02-14 15:09:14,909 - [INFO] - 
2026-02-14 15:09:14,913 - [INFO] - Check des doublons :
2026-02-14 15:09:15,374 - [INFO] - [ok]: Après nettoyage, df_clean ne contient plus des lignes dupliquées (en 'batiment_id', 'timestamp_parsed', 'type_energie') : 0
2026-02-14 15:09:15,380 - [INFO] - ───────────────────────────────────────────────────────────────────────────────────────────────
2026-02-14 15:09:15,386 - [INFO] - [3/5] Enrichissement temporel (pour preparer les agregations) ...
2026-02-14 15:09:16,037 - [INFO] - Apperçu de la df_with_time :
+----+---------------+---------------------+----------------+----------------+---------+---------------------+----------------------+------------+---------+---------+--------+
|    | batiment_id   | timestamp           | type_energie   | consommation   | unite   | timestamp_parsed    |   consommation_clean | date       |   heure |   annee |   mois |
+====+===============+=====================+================+================+=========+=====================+======================+============+=========+=========+========+
|  0 | BAT0001       | 06/12/2023 02:00    | eau            | 0.91           | m3      | 2023-12-06 02:00:00 |                 0.91 | 2023-12-06 |       2 |    2023 |     12 |
+----+---------------+---------------------+----------------+----------------+---------+---------------------+----------------------+------------+---------+---------+--------+
|  1 | BAT0001       | 2023-12-27T18:00:00 | electricite    | 365.97         | kWh     | 2023-12-27 18:00:00 |               365.97 | 2023-12-27 |      18 |    2023 |     12 |
+----+---------------+---------------------+----------------+----------------+---------+---------------------+----------------------+------------+---------+---------+--------+
|  2 | BAT0001       | 06/14/2024 21:00:00 | electricite    | 146.50         | kWh     | 2024-06-14 21:00:00 |               146.5  | 2024-06-14 |      21 |    2024 |      6 |
+----+---------------+---------------------+----------------+----------------+---------+---------------------+----------------------+------------+---------+---------+--------+
|  3 | BAT0001       | 09/11/2024 19:00:00 | electricite    | 206,03         | kWh     | 2024-11-09 19:00:00 |               206.03 | 2024-11-09 |      19 |    2024 |     11 |
+----+---------------+---------------------+----------------+----------------+---------+---------------------+----------------------+------------+---------+---------+--------+
|  4 | BAT0001       | 2024-12-25T07:00:00 | electricite    | 342.12         | kWh     | 2024-12-25 07:00:00 |               342.12 | 2024-12-25 |       7 |    2024 |     12 |
+----+---------------+---------------------+----------------+----------------+---------+---------------------+----------------------+------------+---------+---------+--------+
|  5 | BAT0001       | 26/12/2024 10:00    | gaz            | 472.87         | kWh     | 2024-12-26 10:00:00 |               472.87 | 2024-12-26 |      10 |    2024 |     12 |
+----+---------------+---------------------+----------------+----------------+---------+---------------------+----------------------+------------+---------+---------+--------+
|  6 | BAT0002       | 2023-06-01 12:00:00 | gaz            | 104.50         | kWh     | 2023-06-01 12:00:00 |               104.5  | 2023-06-01 |      12 |    2023 |      6 |
+----+---------------+---------------------+----------------+----------------+---------+---------------------+----------------------+------------+---------+---------+--------+
|  7 | BAT0002       | 2023-07-29T07:00:00 | eau            | 0.92           | m3      | 2023-07-29 07:00:00 |                 0.92 | 2023-07-29 |       7 |    2023 |      7 |
+----+---------------+---------------------+----------------+----------------+---------+---------------------+----------------------+------------+---------+---------+--------+
|  8 | BAT0002       | 14/08/2023 21:00    | electricite    | 62.97          | kWh     | 2023-08-14 21:00:00 |                62.97 | 2023-08-14 |      21 |    2023 |      8 |
+----+---------------+---------------------+----------------+----------------+---------+---------------------+----------------------+------------+---------+---------+--------+
|  9 | BAT0002       | 2023-09-06 15:00:00 | electricite    | 106.32         | kWh     | 2023-09-06 15:00:00 |               106.32 | 2023-09-06 |      15 |    2023 |      9 |
+----+---------------+---------------------+----------------+----------------+---------+---------------------+----------------------+------------+---------+---------+--------+
2026-02-14 15:09:16,042 - [INFO] - ───────────────────────────────────────────────────────────────────────────────────────────────
2026-02-14 15:09:16,048 - [INFO] - [4/5] Agregations ...
2026-02-14 15:09:16,053 - [INFO] - Agregation 1 : Consommations horaires moyennes par batiment (df_horaire)
2026-02-14 15:09:16,725 - [INFO] - Apperçu de df_horaire :
+----+---------------+------------+---------+----------------+------------------------+---------+
|    | batiment_id   | date       |   heure | type_energie   |   consommation_moyenne | unite   |
+====+===============+============+=========+================+========================+=========+
|  0 | BAT0061       | 2024-03-22 |      18 | eau            |                   5.57 | m3      |
+----+---------------+------------+---------+----------------+------------------------+---------+
|  1 | BAT0079       | 2024-08-19 |      13 | eau            |                   7.31 | m3      |
+----+---------------+------------+---------+----------------+------------------------+---------+
|  2 | BAT0097       | 2024-06-05 |       4 | gaz            |                  14.88 | kWh     |
+----+---------------+------------+---------+----------------+------------------------+---------+
|  3 | BAT0121       | 2024-06-11 |       8 | eau            |                 293.72 | m3      |
+----+---------------+------------+---------+----------------+------------------------+---------+
|  4 | BAT0007       | 2023-06-16 |       6 | gaz            |                 139.53 | kWh     |
+----+---------------+------------+---------+----------------+------------------------+---------+
|  5 | BAT0018       | 2023-04-30 |      17 | electricite    |                  29.88 | kWh     |
+----+---------------+------------+---------+----------------+------------------------+---------+
|  6 | BAT0022       | 2023-06-10 |       0 | gaz            |                   2.82 | kWh     |
+----+---------------+------------+---------+----------------+------------------------+---------+
|  7 | BAT0048       | 2024-11-01 |       2 | eau            |                  40.99 | m3      |
+----+---------------+------------+---------+----------------+------------------------+---------+
|  8 | BAT0052       | 2024-07-23 |       8 | electricite    |                 338.42 | kWh     |
+----+---------------+------------+---------+----------------+------------------------+---------+
|  9 | BAT0061       | 2023-10-17 |      11 | electricite    |                  69.76 | kWh     |
+----+---------------+------------+---------+----------------+------------------------+---------+
2026-02-14 15:09:16,732 - [INFO] - ---
2026-02-14 15:09:16,739 - [INFO] - Agregation 2 : Consommations journalieres (par date) par batiment et type d'energie
2026-02-14 15:09:17,527 - [INFO] - Apperçu de df_journaliere :
+----+---------------+------------+----------------+------------------------+---------+
|    | batiment_id   | date       | type_energie   |   consommation_moyenne | unite   |
+====+===============+============+================+========================+=========+
|  0 | BAT0042       | 2024-08-23 | electricite    |                  15.99 | kWh     |
+----+---------------+------------+----------------+------------------------+---------+
|  1 | BAT0051       | 2024-05-20 | eau            |                   2.83 | m3      |
+----+---------------+------------+----------------+------------------------+---------+
|  2 | BAT0057       | 2023-12-26 | gaz            |                 275.54 | kWh     |
+----+---------------+------------+----------------+------------------------+---------+
|  3 | BAT0093       | 2024-06-28 | electricite    |                 240.55 | kWh     |
+----+---------------+------------+----------------+------------------------+---------+
|  4 | BAT0096       | 2023-04-26 | electricite    |                  33.61 | kWh     |
+----+---------------+------------+----------------+------------------------+---------+
|  5 | BAT0128       | 2023-10-21 | electricite    |                 156.87 | kWh     |
+----+---------------+------------+----------------+------------------------+---------+
|  6 | BAT0020       | 2024-03-03 | electricite    |                   3.83 | kWh     |
+----+---------------+------------+----------------+------------------------+---------+
|  7 | BAT0021       | 2024-08-26 | gaz            |                 283.17 | kWh     |
+----+---------------+------------+----------------+------------------------+---------+
|  8 | BAT0024       | 2023-11-27 | electricite    |                 158.57 | kWh     |
+----+---------------+------------+----------------+------------------------+---------+
|  9 | BAT0122       | 2024-08-13 | eau            |                 231.08 | m3      |
+----+---------------+------------+----------------+------------------------+---------+
2026-02-14 15:09:17,533 - [INFO] - ---
2026-02-14 15:09:17,538 - [INFO] - Agregation 3 : Consommations mensuelles par commune
2026-02-14 15:09:18,490 - [INFO] - Apperçu de df_monthly_with_commune :
+----+---------------+----------------+---------+---------+--------+---------------------+--------------------+--------------------+---------------------+-------------+
|    | batiment_id   | type_energie   | unite   |   annee |   mois |   consommation_mean |   consommation_min |   consommation_max |   measurement_count | commune     |
+====+===============+================+=========+=========+========+=====================+====================+====================+=====================+=============+
|  0 | BAT0034       | electricite    | kWh     |    2023 |     11 |              116.15 |             116.15 |             116.15 |                   1 | Toulouse    |
+----+---------------+----------------+---------+---------+--------+---------------------+--------------------+--------------------+---------------------+-------------+
|  1 | BAT0043       | electricite    | kWh     |    2024 |      5 |             1066.5  |            1066.5  |            1066.5  |                   1 | Bordeaux    |
+----+---------------+----------------+---------+---------+--------+---------------------+--------------------+--------------------+---------------------+-------------+
|  2 | BAT0046       | electricite    | kWh     |    2023 |      7 |              194.98 |             194.98 |             194.98 |                   1 | Bordeaux    |
+----+---------------+----------------+---------+---------+--------+---------------------+--------------------+--------------------+---------------------+-------------+
|  3 | BAT0046       | electricite    | kWh     |    2023 |      8 |               20.38 |              20.38 |              20.38 |                   1 | Bordeaux    |
+----+---------------+----------------+---------+---------+--------+---------------------+--------------------+--------------------+---------------------+-------------+
|  4 | BAT0051       | eau            | m3      |    2024 |      4 |                3.36 |               3.36 |               3.36 |                   1 | Lille       |
+----+---------------+----------------+---------+---------+--------+---------------------+--------------------+--------------------+---------------------+-------------+
|  5 | BAT0096       | gaz            | kWh     |    2024 |      4 |               46.17 |              46.17 |              46.17 |                   1 | Nice        |
+----+---------------+----------------+---------+---------+--------+---------------------+--------------------+--------------------+---------------------+-------------+
|  6 | BAT0084       | electricite    | kWh     |    2024 |      1 |               30.85 |              30.85 |              30.85 |                   1 | Montpellier |
+----+---------------+----------------+---------+---------+--------+---------------------+--------------------+--------------------+---------------------+-------------+
|  7 | BAT0091       | electricite    | kWh     |    2024 |      7 |               20.65 |              20.65 |              20.65 |                   1 | Nice        |
+----+---------------+----------------+---------+---------+--------+---------------------+--------------------+--------------------+---------------------+-------------+
|  8 | BAT0097       | gaz            | kWh     |    2024 |      1 |              444.87 |             444.87 |             444.87 |                   1 | Nice        |
+----+---------------+----------------+---------+---------+--------+---------------------+--------------------+--------------------+---------------------+-------------+
|  9 | BAT0011       | eau            | m3      |    2024 |     10 |               21.01 |              21.01 |              21.01 |                   1 | Lyon        |
+----+---------------+----------------+---------+---------+--------+---------------------+--------------------+--------------------+---------------------+-------------+
2026-02-14 15:09:18,496 - [INFO] - ───────────────────────────────────────────────────────────────────────────────────────────────
2026-02-14 15:09:18,502 - [INFO] - [5/5] Sauvegarde ...
2026-02-14 15:09:18,508 - [INFO] - Sauvegarder en Parquet partitionne par date et type d'energie 
2026-02-14 15:09:19,159 - [INFO] - Ecriture en parquet ...
2026-02-14 15:09:19,165 - [INFO] - Ecriture en parquet terminée avec succès
2026-02-14 15:09:19,170 - [INFO] - Temps d'enregistrement en parquet : 0.00 secondes
2026-02-14 15:09:19,175 - [INFO] - ───────────────────────────────────────────────────────────────────────────────────────────────
2026-02-14 15:09:19,179 - [INFO] - RAPPORT DE NETTOYAGE
2026-02-14 15:09:19,183 - [INFO] - Lignes en entree                  :          999
2026-02-14 15:09:19,188 - [INFO] - Timestamps invalides              :            0
2026-02-14 15:09:19,193 - [INFO] - Valeurs non numeriques            :            4
2026-02-14 15:09:19,197 - [INFO] - Valeurs negatives                 :            1
2026-02-14 15:09:19,202 - [INFO] - Outliers (>10000)                 :            4
2026-02-14 15:09:19,206 - [INFO] - Doublons                          :            0
2026-02-14 15:09:19,211 - [INFO] - Total lignes supprimees           :            9
2026-02-14 15:09:19,215 - [INFO] - Lignes apres agregation           :          990
2026-02-14 15:09:19,219 - [INFO] - Fichiers Parquet sauvegardes dans : /output/02_consommations_clean
2026-02-14 15:09:19,223 - [INFO] - ---
2026-02-14 15:09:19,227 - [INFO] - Temps d'exécution de ce script (02_nettoyage_spark.py) : 26.44 secondes
2026-02-14 15:09:19,231 - [INFO] - Ressources machine approximatives allouées à ce traitement : (RAM : 13.33 GB, CPU : 99.80% - Approx logical cores free(15.97) - Approx physical cores free : 7.98)
2026-02-14 15:09:19,234 - [INFO] - 
2026-02-14 15:09:19,238 - [INFO] - Ecrire des données du temps d'execution + ressources dans le fichier tmp_02_resources.txt
2026-02-14 15:09:19,245 - [INFO] - ---
2026-02-14 15:09:19,248 - [INFO] - [ok]: Fin du traitement, le script a été exécuté avec succès
2026-02-14 15:09:19,254 - [INFO] - [ok]: cache de df_horaire libéré
2026-02-14 15:09:19,258 - [INFO] - ───────────────────────────────────────────────────────────────────────────────────────────────
2026-02-14 15:09:20,141 - [INFO] - [ok]: la session spark a ete arretee avec succes
2026-02-14 15:09:20,153 - [INFO] - ===============================================================================================
