2026-02-14 21:49:33,149 - [INFO] - ==============================================================================================================
2026-02-14 21:49:33,151 - [INFO] -           Pipeline global de traitement des données de consommation energetique des batiments
2026-02-14 21:49:33,156 - [INFO] -                                    script: run_pipeline_hybride.py
2026-02-14 21:49:33,159 - [INFO] - ==============================================================================================================
2026-02-14 21:49:33,469 - [INFO] - Docker Engine is running ...
2026-02-14 21:49:33,471 - [INFO] - Recreation et demarrage des application 'Docker Compose' en arrière-plan. Merci d'attendre ...
2026-02-14 21:49:36,783 - [INFO] - [ok]: Recreation et demarrage des application 'Docker Compose' en arrière-plan avec succès
2026-02-14 21:49:36,787 - [INFO] - => Temps d'execution = 3.31 secondes
2026-02-14 21:49:36,792 - [INFO] - ──────────────────────────────────────────────────────────────────────────────────────────────────────────────
2026-02-14 21:49:36,796 - [INFO] - Execution en local du script '01_exploration_spark.ipynb' ...
2026-02-14 21:50:11,312 - [INFO] - [ok]: Execution avec succès du script '01_exploration_spark.ipynb'
2026-02-14 21:50:11,317 - [INFO] - => Temps d'execution = 27.72 secondes
2026-02-14 21:50:11,321 - [INFO] - => Ressources approximatives allouées à l'execution de ce script :
2026-02-14 21:50:11,327 - [INFO] -     RAM (free) : 14.05 GB
2026-02-14 21:50:11,332 - [INFO] -     CPU (free) : 87.7 %
2026-02-14 21:50:11,335 - [INFO] -     LOGI_CORES (free) : 14.0
2026-02-14 21:50:11,341 - [INFO] -     PHYSI_CORES (free) : 7.0
2026-02-14 21:50:11,346 - [INFO] - 
2026-02-14 21:50:11,353 - [INFO] - Execution sur cluster spark du script '02_nettoyage_spark.py' ...
2026-02-14 21:52:04,816 - [INFO] - [ok]: Execution avec succès du script '02_nettoyage_spark.py'
2026-02-14 21:52:04,822 - [INFO] - => Temps d'execution = 110.71 secondes
2026-02-14 21:52:04,825 - [INFO] - => Ressources approximatives allouées à l'execution de ce script :
2026-02-14 21:52:04,829 - [INFO] -     RAM (free) : 13.36 GB
2026-02-14 21:52:04,833 - [INFO] -     CPU (free) : 99.9 %
2026-02-14 21:52:04,837 - [INFO] -     LOGI_CORES (free) : 16.0
2026-02-14 21:52:04,841 - [INFO] -     PHYSI_CORES (free) : 8.0
2026-02-14 21:52:04,845 - [INFO] - 
2026-02-14 21:52:04,848 - [INFO] - Execution en local du script '03_agregations_spark.ipynb' ...
2026-02-14 21:52:46,969 - [INFO] - [ok]: Execution avec succès du script '03_agregations_spark.ipynb'
2026-02-14 21:52:46,974 - [INFO] - => Temps d'execution = 37.50 secondes
2026-02-14 21:52:46,975 - [INFO] - => Ressources approximatives allouées à l'execution de ce script :
2026-02-14 21:52:46,981 - [INFO] -     RAM (free) : 12.31 GB
2026-02-14 21:52:46,984 - [INFO] -     CPU (free) : 86.7 %
2026-02-14 21:52:46,987 - [INFO] -     LOGI_CORES (free) : 13.9
2026-02-14 21:52:46,991 - [INFO] -     PHYSI_CORES (free) : 6.9
2026-02-14 21:52:46,997 - [INFO] - 
2026-02-14 21:52:46,999 - [INFO] - ──────────────────────────────────────────────────────────────────────────────────────────────────────────────
2026-02-14 21:52:47,005 - [INFO] - Execution en local du script '04_nettoyage_meteo_pandas.ipynb' ...
2026-02-14 21:53:04,236 - [INFO] - [ok]: Execution avec succès du script '04_nettoyage_meteo_pandas.ipynb'
2026-02-14 21:53:04,236 - [INFO] - => Temps d'execution = 12.95 secondes
2026-02-14 21:53:04,243 - [INFO] - => Ressources approximatives allouées à l'execution de ce script :
2026-02-14 21:53:04,246 - [INFO] -     RAM (free) : 14.21 GB
2026-02-14 21:53:04,252 - [INFO] -     CPU (free) : 82.1 %
2026-02-14 21:53:04,256 - [INFO] -     LOGI_CORES (free) : 13.1
2026-02-14 21:53:04,256 - [INFO] -     PHYSI_CORES (free) : 6.6
2026-02-14 21:53:04,263 - [INFO] - 
2026-02-14 21:53:04,268 - [INFO] - Execution en local du script '05_fusion_enrichissement.ipynb' ...
2026-02-14 21:53:11,893 - [ERROR] - [ko]: Pipeline arrêtée : Command '['C:\\Users\\joel\\Desktop\\ecf_energie\\.venv\\Scripts\\python.exe', '-m', 'jupyter', 'nbconvert', '--to', 'notebook', '--execute', '--inplace', 'C:\\Users\\joel\\Desktop\\ecf_energie\\notebooks\\05_fusion_enrichissement.ipynb']' returned non-zero exit status 1.
2026-02-14 21:53:13,969 - [INFO] - Arrêt et suppression des ressources (créées par 'docker compose up')
2026-02-14 21:53:13,973 - [INFO] - ==============================================================================================================
